[2023-07-27 15:09:24,507] multiqc                                            [DEBUG  ]  This is MultiQC v1.14
[2023-07-27 15:09:24,507] multiqc                                            [DEBUG  ]  Command used: /Users/clstacy/anaconda3/bin/multiqc .
[2023-07-27 15:09:24,896] multiqc                                            [DEBUG  ]  Latest MultiQC version is v1.14
[2023-07-27 15:09:24,897] multiqc                                            [DEBUG  ]  Working dir : /Users/clstacy/Desktop
[2023-07-27 15:09:24,897] multiqc                                            [DEBUG  ]  Template    : default
[2023-07-27 15:09:24,897] multiqc                                            [DEBUG  ]  Running Python 3.11.3 (main, Apr 19 2023, 18:49:55) [Clang 14.0.6 ]
[2023-07-27 15:09:24,898] multiqc                                            [DEBUG  ]  Analysing modules: custom_content, ccs, ngsderive, purple, conpair, lima, peddy, somalier, methylQA, mosdepth, phantompeakqualtools, qualimap, preseq, hifiasm, quast, qorts, rna_seqc, rockhopper, rsem, rseqc, busco, bustools, goleft_indexcov, gffcompare, disambiguate, supernova, deeptools, sargasso, verifybamid, mirtrace, happy, mirtop, sambamba, gopeaks, homer, hops, macs2, theta2, snpeff, gatk, htseq, bcftools, featureCounts, fgbio, dragen, dragen_fastqc, dedup, pbmarkdup, damageprofiler, biobambam2, jcvi, mtnucratio, picard, vep, sentieon, prokka, qc3C, nanostat, samblaster, samtools, sexdeterrmine, eigenstratdatabasetools, bamtools, jellyfish, vcftools, longranger, stacks, varscan2, snippy, umitools, bbmap, bismark, biscuit, diamond, hicexplorer, hicup, hicpro, salmon, kallisto, slamdunk, star, hisat2, tophat, bowtie2, bowtie1, cellranger, snpsplit, odgi, pangolin, nextclade, humid, kat, leehom, adapterRemoval, bbduk, clipandmerge, cutadapt, flexbar, kaiju, kraken, malt, motus, trimmomatic, sickle, skewer, sortmerna, biobloomtools, fastq_screen, afterqc, fastp, fastqc, filtlong, prinseqplusplus, pychopper, porechop, pycoqc, minionqc, anglerfish, multivcfanalyzer, clusterflow, checkqc, bcl2fastq, bclconvert, interop, ivar, flash, seqyclean, optitype, whatshap
[2023-07-27 15:09:24,898] multiqc                                            [DEBUG  ]  Using temporary directory for creating report: /var/folders/y1/f7wyg4vj50dgrg8drv0bn4nc0000gn/T/tmp8kqi025t
[2023-07-27 15:09:24,944] multiqc                                            [INFO   ]  Search path : /Users/clstacy/Desktop
[2023-07-27 15:09:37,595] multiqc                                            [DEBUG  ]  Summary of files that were skipped by the search: [skipped_file_contents_search_errors: 11755] // [skipped_module_specific_max_filesize: 2632] // [skipped_no_match: 862] // [skipped_ignore_pattern: 87] // [skipped_filesize_limit: 8]
[2023-07-27 15:09:37,819] multiqc.plots.bargraph                             [DEBUG  ]  Using matplotlib version 3.7.1
[2023-07-27 15:09:37,820] multiqc.plots.linegraph                            [DEBUG  ]  Using matplotlib version 3.7.1
[2023-07-27 15:09:37,820] multiqc                                            [DEBUG  ]  No samples found: custom_content
[2023-07-27 15:09:37,823] multiqc.modules.fastp.fastp                        [DEBUG  ]  fastp JSON did not have a 'adapter_cutting' key, skipping: 'filtered_subset_phenol_unstressed_rep3_rfastp.json'
[2023-07-27 15:09:37,823] multiqc.modules.fastp.fastp                        [DEBUG  ]  Could not calculate 'pct_adapter' (KeyError): filtered_subset_phenol_unstressed_rep3_rfastp.json
[2023-07-27 15:09:37,823] multiqc.modules.fastp.fastp                        [DEBUG  ]  No insert size plot data: filtered_subset_phenol_unstressed_rep3_rfastp.json
[2023-07-27 15:09:37,823] multiqc.modules.fastp.fastp                        [DEBUG  ]  Read quality read2_before_filtering not found: filtered_subset_phenol_unstressed_rep3_rfastp.json
[2023-07-27 15:09:37,823] multiqc.modules.fastp.fastp                        [DEBUG  ]  Content curve data read2_before_filtering not found: filtered_subset_phenol_unstressed_rep3_rfastp.json
[2023-07-27 15:09:37,823] multiqc.modules.fastp.fastp                        [DEBUG  ]  Read quality read2_after_filtering not found: filtered_subset_phenol_unstressed_rep3_rfastp.json
[2023-07-27 15:09:37,824] multiqc.modules.fastp.fastp                        [DEBUG  ]  Content curve data read2_after_filtering not found: filtered_subset_phenol_unstressed_rep3_rfastp.json
[2023-07-27 15:09:37,824] multiqc.modules.fastp.fastp                        [DEBUG  ]  No insert size plot data: filtered_subset_phenol_heat_rep2_rfastp.json
[2023-07-27 15:09:37,824] multiqc.modules.fastp.fastp                        [DEBUG  ]  Read quality read2_before_filtering not found: filtered_subset_phenol_heat_rep2_rfastp.json
[2023-07-27 15:09:37,824] multiqc.modules.fastp.fastp                        [DEBUG  ]  Content curve data read2_before_filtering not found: filtered_subset_phenol_heat_rep2_rfastp.json
[2023-07-27 15:09:37,824] multiqc.modules.fastp.fastp                        [DEBUG  ]  Read quality read2_after_filtering not found: filtered_subset_phenol_heat_rep2_rfastp.json
[2023-07-27 15:09:37,824] multiqc.modules.fastp.fastp                        [DEBUG  ]  Content curve data read2_after_filtering not found: filtered_subset_phenol_heat_rep2_rfastp.json
[2023-07-27 15:09:37,825] multiqc.modules.fastp.fastp                        [DEBUG  ]  fastp JSON did not have a 'adapter_cutting' key, skipping: 'filtered_subset_phenol_heat_rep1_rfastp.json'
[2023-07-27 15:09:37,825] multiqc.modules.fastp.fastp                        [DEBUG  ]  Could not calculate 'pct_adapter' (KeyError): filtered_subset_phenol_heat_rep1_rfastp.json
[2023-07-27 15:09:37,825] multiqc.modules.fastp.fastp                        [DEBUG  ]  No insert size plot data: filtered_subset_phenol_heat_rep1_rfastp.json
[2023-07-27 15:09:37,825] multiqc.modules.fastp.fastp                        [DEBUG  ]  Read quality read2_before_filtering not found: filtered_subset_phenol_heat_rep1_rfastp.json
[2023-07-27 15:09:37,825] multiqc.modules.fastp.fastp                        [DEBUG  ]  Content curve data read2_before_filtering not found: filtered_subset_phenol_heat_rep1_rfastp.json
[2023-07-27 15:09:37,825] multiqc.modules.fastp.fastp                        [DEBUG  ]  Read quality read2_after_filtering not found: filtered_subset_phenol_heat_rep1_rfastp.json
[2023-07-27 15:09:37,825] multiqc.modules.fastp.fastp                        [DEBUG  ]  Content curve data read2_after_filtering not found: filtered_subset_phenol_heat_rep1_rfastp.json
[2023-07-27 15:09:37,825] multiqc.modules.fastp.fastp                        [DEBUG  ]  No insert size plot data: filtered_subset_phenol_heat_rep4_rfastp.json
[2023-07-27 15:09:37,825] multiqc.modules.fastp.fastp                        [DEBUG  ]  Read quality read2_before_filtering not found: filtered_subset_phenol_heat_rep4_rfastp.json
[2023-07-27 15:09:37,826] multiqc.modules.fastp.fastp                        [DEBUG  ]  Content curve data read2_before_filtering not found: filtered_subset_phenol_heat_rep4_rfastp.json
[2023-07-27 15:09:37,826] multiqc.modules.fastp.fastp                        [DEBUG  ]  Read quality read2_after_filtering not found: filtered_subset_phenol_heat_rep4_rfastp.json
[2023-07-27 15:09:37,826] multiqc.modules.fastp.fastp                        [DEBUG  ]  Content curve data read2_after_filtering not found: filtered_subset_phenol_heat_rep4_rfastp.json
[2023-07-27 15:09:37,826] multiqc.modules.fastp.fastp                        [DEBUG  ]  fastp JSON did not have a 'adapter_cutting' key, skipping: 'filtered_subset_phenol_heat_rep3_rfastp.json'
[2023-07-27 15:09:37,826] multiqc.modules.fastp.fastp                        [DEBUG  ]  Could not calculate 'pct_adapter' (KeyError): filtered_subset_phenol_heat_rep3_rfastp.json
[2023-07-27 15:09:37,826] multiqc.modules.fastp.fastp                        [DEBUG  ]  No insert size plot data: filtered_subset_phenol_heat_rep3_rfastp.json
[2023-07-27 15:09:37,826] multiqc.modules.fastp.fastp                        [DEBUG  ]  Read quality read2_before_filtering not found: filtered_subset_phenol_heat_rep3_rfastp.json
[2023-07-27 15:09:37,826] multiqc.modules.fastp.fastp                        [DEBUG  ]  Content curve data read2_before_filtering not found: filtered_subset_phenol_heat_rep3_rfastp.json
[2023-07-27 15:09:37,826] multiqc.modules.fastp.fastp                        [DEBUG  ]  Read quality read2_after_filtering not found: filtered_subset_phenol_heat_rep3_rfastp.json
[2023-07-27 15:09:37,826] multiqc.modules.fastp.fastp                        [DEBUG  ]  Content curve data read2_after_filtering not found: filtered_subset_phenol_heat_rep3_rfastp.json
[2023-07-27 15:09:37,827] multiqc.modules.fastp.fastp                        [DEBUG  ]  fastp JSON did not have a 'adapter_cutting' key, skipping: 'filtered_subset_phenol_unstressed_rep2_rfastp.json'
[2023-07-27 15:09:37,827] multiqc.modules.fastp.fastp                        [DEBUG  ]  Could not calculate 'pct_adapter' (KeyError): filtered_subset_phenol_unstressed_rep2_rfastp.json
[2023-07-27 15:09:37,827] multiqc.modules.fastp.fastp                        [DEBUG  ]  No insert size plot data: filtered_subset_phenol_unstressed_rep2_rfastp.json
[2023-07-27 15:09:37,827] multiqc.modules.fastp.fastp                        [DEBUG  ]  Read quality read2_before_filtering not found: filtered_subset_phenol_unstressed_rep2_rfastp.json
[2023-07-27 15:09:37,827] multiqc.modules.fastp.fastp                        [DEBUG  ]  Content curve data read2_before_filtering not found: filtered_subset_phenol_unstressed_rep2_rfastp.json
[2023-07-27 15:09:37,827] multiqc.modules.fastp.fastp                        [DEBUG  ]  Read quality read2_after_filtering not found: filtered_subset_phenol_unstressed_rep2_rfastp.json
[2023-07-27 15:09:37,827] multiqc.modules.fastp.fastp                        [DEBUG  ]  Content curve data read2_after_filtering not found: filtered_subset_phenol_unstressed_rep2_rfastp.json
[2023-07-27 15:09:37,827] multiqc.modules.fastp.fastp                        [DEBUG  ]  fastp JSON did not have a 'adapter_cutting' key, skipping: 'filtered_subset_phenol_unstressed_rep1_rfastp.json'
[2023-07-27 15:09:37,827] multiqc.modules.fastp.fastp                        [DEBUG  ]  Could not calculate 'pct_adapter' (KeyError): filtered_subset_phenol_unstressed_rep1_rfastp.json
[2023-07-27 15:09:37,827] multiqc.modules.fastp.fastp                        [DEBUG  ]  No insert size plot data: filtered_subset_phenol_unstressed_rep1_rfastp.json
[2023-07-27 15:09:37,827] multiqc.modules.fastp.fastp                        [DEBUG  ]  Read quality read2_before_filtering not found: filtered_subset_phenol_unstressed_rep1_rfastp.json
[2023-07-27 15:09:37,827] multiqc.modules.fastp.fastp                        [DEBUG  ]  Content curve data read2_before_filtering not found: filtered_subset_phenol_unstressed_rep1_rfastp.json
[2023-07-27 15:09:37,827] multiqc.modules.fastp.fastp                        [DEBUG  ]  Read quality read2_after_filtering not found: filtered_subset_phenol_unstressed_rep1_rfastp.json
[2023-07-27 15:09:37,828] multiqc.modules.fastp.fastp                        [DEBUG  ]  Content curve data read2_after_filtering not found: filtered_subset_phenol_unstressed_rep1_rfastp.json
[2023-07-27 15:09:37,828] multiqc.modules.fastp.fastp                        [DEBUG  ]  fastp JSON did not have a 'adapter_cutting' key, skipping: 'filtered_subset_phenol_unstressed_rep4_rfastp.json'
[2023-07-27 15:09:37,828] multiqc.modules.fastp.fastp                        [DEBUG  ]  Could not calculate 'pct_adapter' (KeyError): filtered_subset_phenol_unstressed_rep4_rfastp.json
[2023-07-27 15:09:37,828] multiqc.modules.fastp.fastp                        [DEBUG  ]  No insert size plot data: filtered_subset_phenol_unstressed_rep4_rfastp.json
[2023-07-27 15:09:37,828] multiqc.modules.fastp.fastp                        [DEBUG  ]  Read quality read2_before_filtering not found: filtered_subset_phenol_unstressed_rep4_rfastp.json
[2023-07-27 15:09:37,828] multiqc.modules.fastp.fastp                        [DEBUG  ]  Content curve data read2_before_filtering not found: filtered_subset_phenol_unstressed_rep4_rfastp.json
[2023-07-27 15:09:37,828] multiqc.modules.fastp.fastp                        [DEBUG  ]  Read quality read2_after_filtering not found: filtered_subset_phenol_unstressed_rep4_rfastp.json
[2023-07-27 15:09:37,828] multiqc.modules.fastp.fastp                        [DEBUG  ]  Content curve data read2_after_filtering not found: filtered_subset_phenol_unstressed_rep4_rfastp.json
[2023-07-27 15:09:37,828] multiqc.modules.fastp.fastp                        [INFO   ]  Found 8 reports
[2023-07-27 15:09:37,846] multiqc.modules.fastqc.fastqc                      [INFO   ]  Found 16 reports
[2023-07-27 15:09:37,896] multiqc                                            [INFO   ]  Compressing plot data
[2023-07-27 15:09:38,000] multiqc                                            [INFO   ]  Report      : multiqc_report.html
[2023-07-27 15:09:38,000] multiqc                                            [INFO   ]  Data        : multiqc_data
[2023-07-27 15:09:38,000] multiqc                                            [DEBUG  ]  Moving data file from '/var/folders/y1/f7wyg4vj50dgrg8drv0bn4nc0000gn/T/tmp8kqi025t/multiqc_data' to '/Users/clstacy/Desktop/multiqc_data'
[2023-07-27 15:09:38,044] multiqc                                            [INFO   ]  MultiQC complete
